TOTAL FRAMES OBSERVED: 5000 (~ laps)
[FATAL]	PID: Simulator Reset due to reaching the set number of frames with total error: 0.389856and PID values: 0.3, -1.38778e-17, 0.1
PID Values: 0.300000, -0.000000, 0.100000
PID Values: 0.200000, 0.001000, 0.100000
PID Values: 0.210000, 0.001100, 0.100000
PID Values: 0.210000, 0.001000, 0.109000
PID Values: 0.221000, 0.001000, 0.100000
PID Values: 0.219900, 0.001000, 0.100000
PID Values: 0.210000, 0.001000, 0.109000
PID Values: 0.210000, 0.001000, 0.091900
PID Values: 0.219900, 0.001000, 0.100000
PID Values: 0.218910, 0.001000, 0.100000
PID Values: 0.218910, 0.001000, 0.100000
PID Values: 0.218019, 0.001000, 0.100000
PID Values: 0.210000, 0.000927, 0.100000
PID Values: 0.210000, 0.001000, 0.093439
PID Values: 0.218019, 0.001000, 0.100000
PID Values: 0.217217, 0.001000, 0.100000
PID Values: 0.210000, 0.001000, 0.106561
PID Values: 0.210000, 0.001000, 0.094095
PID Values: 0.217217, 0.001000, 0.100000
PID Values: 0.216495, 0.001000, 0.100000
PID Values: 0.210000, 0.000941, 0.100000
PID Values: 0.210000, 0.000947, 0.100000
PID Values: 0.210000, 0.001000, 0.094686
PID Values: 0.216495, 0.001000, 0.100000
PID Values: 0.215846, 0.001000, 0.100000
PID Values: 0.210000, 0.000947, 0.100000
PID Values: 0.210000, 0.000952, 0.100000
PID Values: 0.210000, 0.001000, 0.105314
PID Values: 0.215261, 0.001000, 0.100000
PID Values: 0.210000, 0.001043, 0.100000
PID Values: 0.210000, 0.001000, 0.104783
PID Values: 0.210000, 0.001000, 0.095695
PID Values: 0.215261, 0.001000, 0.100000
PID Values: 0.214735, 0.001000, 0.100000
PID Values: 0.210000, 0.001000, 0.095695
PID Values: 0.214262, 0.001000, 0.100000
PID Values: 0.210000, 0.001039, 0.100000
PID Values: 0.210000, 0.001000, 0.103487
PID Values: 0.210000, 0.001000, 0.096513
PID Values: 0.214262, 0.001000, 0.100000
PID Values: 0.213835, 0.001000, 0.100000
PID Values: 0.213835, 0.001000, 0.100000
